15:11:07 | Information	| BGLXReader	| Starting reading of file D:\גיבוי מחשב\Addon Scenery\Israel\Addon Scenery\DR_Herzlia\scenery\dr_llhz_ct.bgl
15:11:07 | Information	| BGLXReader	| Read 1 object models, 1 object placements, 0 effect placements
15:11:07 | Information	| AllObjectReader	| Cleaning object: ct-llhz
15:11:07 | Information	| AllObjectReader	| Cleanup: Did remove triangle with zero area
15:11:07 | Information	| AllObjectReader	| Cleanup: Did remove triangle with zero area
15:11:07 | Information	| AllObjectReader	| Cleanup: Did remove triangle with zero area
15:11:07 | Information	| AllObjectReader	| Cleanup: Did remove triangle with zero area
15:11:07 | Information	| AllObjectReader	| Cleanup: Did remove triangle with zero area
15:11:07 | Information	| AllObjectReader	| Cleanup: Did remove triangle with zero area
15:11:07 | Information	| AllObjectReader	| Cleanup: Did remove triangle with zero area
15:11:07 | Information	| AllObjectReader	| Cleanup: Did remove triangle with zero area
15:11:07 | Information	| AllObjectReader	| Cleanup: Did remove triangle with zero area
15:11:07 | Information	| AllObjectReader	| Cleanup: Did remove triangle with zero area
15:11:07 | Information	| AllObjectReader	| Cleanup: Did remove triangle with zero area
15:11:07 | Information	| AllObjectReader	| Cleanup: Did remove triangle with zero area
15:11:07 | Information	| AllObjectReader	| Cleanup: Did remove triangle with zero area
15:11:07 | Information	| AllObjectReader	| Cleanup: Did remove triangle with zero area
15:11:07 | Information	| AllObjectReader	| Cleanup: Did remove triangle with zero area
15:11:07 | Information	| AllObjectReader	| Cleanup: Did remove triangle with zero area
15:11:07 | Information	| AllObjectReader	| Cleanup: Did remove triangle with zero area
15:11:07 | Information	| AllObjectReader	| Cleanup: Did remove triangle with zero area
15:11:07 | Information	| AllObjectReader	| Cleanup: Did remove triangle with zero area
15:11:07 | Information	| AllObjectReader	| Cleanup: Did remove triangle with zero area
15:11:07 | Information	| AllObjectReader	| Cleanup: Did remove triangle with zero area
15:11:07 | Information	| AllObjectReader	| Cleanup: Did remove triangle with zero area
15:11:07 | Information	| AllObjectReader	| Cleanup: Did remove triangle with zero area
15:11:07 | Information	| AllObjectReader	| Cleanup: Did remove triangle with zero area
15:11:07 | Information	| AllObjectReader	| Cleanup: Did remove triangle with zero area
15:11:07 | Information	| AllObjectReader	| Cleanup: Did remove triangle with zero area
15:11:07 | Information	| AllObjectReader	| Cleanup: Did remove triangle with zero area
15:11:07 | Information	| AllObjectReader	| Cleanup: Did remove triangle with zero area
15:11:07 | Information	| AllObjectReader	| Cleanup: Did remove triangle with zero area
15:11:07 | Information	| AllObjectReader	| Cleanup: Did remove triangle with zero area
15:11:07 | Information	| AllObjectReader	| Cleanup: Did remove triangle with zero area
15:11:07 | Information	| AllObjectReader	| Cleanup: Did remove triangle with zero area
15:11:07 | Information	| AllObjectReader	| Cleanup: Did remove triangle with zero area
15:11:07 | Information	| AllObjectReader	| Cleanup: Did remove triangle with zero area
15:11:07 | Information	| AllObjectReader	| Cleanup: Did remove triangle with zero area
15:11:07 | Information	| AllObjectReader	| Cleanup: Did remove triangle with zero area
15:11:07 | Information	| AllObjectReader	| Cleanup: Did remove triangle with zero area
15:11:07 | Information	| AllObjectReader	| Cleanup: Did remove triangle with zero area
15:11:07 | Information	| AllObjectReader	| Cleanup: Did remove triangle with zero area
15:11:07 | Information	| AllObjectReader	| Cleanup: Did remove triangle with zero area
15:11:07 | Information	| AllObjectReader	| Cleanup: Did remove triangle with zero area
15:11:07 | Information	| AllObjectReader	| Cleanup: Did remove triangle with zero area
15:11:07 | Information	| AllObjectReader	| Cleanup: Did remove triangle with zero area
15:11:07 | Information	| AllObjectReader	| Cleanup: Did remove triangle with zero area
15:11:07 | Information	| AllObjectReader	| Cleanup: Did remove triangle with zero area
15:11:07 | Information	| AllObjectReader	| Cleanup: Did remove triangle with zero area
15:11:07 | Information	| AllObjectReader	| Cleanup: Did remove triangle with zero area
15:11:07 | Information	| AllObjectReader	| Cleanup: Did remove triangle with zero area
15:11:07 | Information	| AllObjectReader	| Cleanup: Did remove triangle with zero area
15:11:07 | Information	| AllObjectReader	| Cleanup: Did remove triangle with zero area
15:11:07 | Information	| AllObjectReader	| Cleanup: Did remove triangle with zero area
15:11:07 | Information	| AllObjectReader	| Cleanup: Did remove triangle with zero area
15:11:07 | Information	| AllObjectReader	| Cleanup: Did remove triangle with zero area
15:11:07 | Information	| AllObjectReader	| Cleanup: Did remove triangle with zero area
15:11:07 | Information	| AllObjectReader	| Cleanup: Did remove triangle with zero area
15:11:07 | Information	| AllObjectReader	| Cleanup: Did remove triangle with zero area
15:11:07 | Information	| AllObjectReader	| Cleanup: Did remove triangle with zero area
15:11:07 | Information	| AllObjectReader	| Cleanup: Did remove triangle with zero area
15:11:07 | Information	| AllObjectReader	| Cleanup: Did remove triangle with zero area
15:11:07 | Information	| AllObjectReader	| Cleanup: Did remove triangle with zero area
15:11:07 | Information	| AllObjectReader	| Cleanup: Did remove triangle with zero area
15:11:07 | Information	| AllObjectReader	| Cleanup: Did remove triangle with zero area
15:11:07 | Information	| AllObjectReader	| Cleanup: Did remove triangle with zero area
15:11:07 | Information	| AllObjectReader	| Cleanup: Did remove triangle with zero area
15:11:07 | Information	| AllObjectReader	| Cleanup: Did remove triangle with zero area
15:11:07 | Information	| AllObjectReader	| Cleanup: Did remove triangle with zero area
15:11:07 | Information	| AllObjectReader	| Cleanup: Did remove triangle with zero area
15:11:07 | Information	| AllObjectReader	| Cleanup: Did remove triangle with zero area
15:11:07 | Information	| AllObjectReader	| Cleanup: Did remove triangle with zero area
15:11:07 | Information	| AllObjectReader	| Cleanup: Did remove triangle with zero area
15:11:07 | Information	| AllObjectReader	| Cleanup: Did remove triangle with zero area
15:11:07 | Information	| AllObjectReader	| Cleanup: Did remove triangle with zero area
15:11:07 | Information	| AllObjectReader	| Cleanup: Did remove triangle with zero area
15:11:07 | Information	| AllObjectReader	| Cleanup: Did remove triangle with zero area
15:11:07 | Information	| AllObjectReader	| Cleanup: Did remove triangle with zero area
15:11:07 | Information	| AllObjectReader	| Cleanup: Did remove triangle with zero area
15:11:07 | Information	| AllObjectReader	| Cleanup: Did remove triangle with zero area
15:11:07 | Information	| AllObjectReader	| Cleanup: Did remove triangle with zero area
15:11:07 | Information	| AllObjectReader	| Cleanup: Did remove triangle with zero area
15:11:07 | Information	| AllObjectReader	| Cleanup: Did remove triangle with zero area
15:11:07 | Information	| AllObjectReader	| Cleanup: Did remove triangle with zero area
15:11:07 | Information	| AllObjectReader	| Cleanup: Did remove triangle with zero area
15:11:07 | Information	| AllObjectReader	| Cleanup: Did remove triangle with zero area
15:11:07 | Information	| AllObjectReader	| Cleanup: Did remove triangle with zero area
15:11:07 | Information	| AllObjectReader	| Cleanup: Did remove triangle with zero area
15:11:07 | Information	| AllObjectReader	| Cleanup: Did remove triangle with zero area
15:11:07 | Information	| AllObjectReader	| Cleanup: Did remove triangle with zero area
15:11:07 | Information	| AllObjectReader	| Cleanup: Did remove triangle with zero area
15:11:07 | Information	| AllObjectReader	| Cleanup: Did remove triangle with zero area
15:11:07 | Information	| AllObjectReader	| Cleanup: Did remove triangle with zero area
15:11:07 | Information	| AllObjectReader	| Cleanup: Did remove triangle with zero area
15:11:07 | Information	| AllObjectReader	| Cleanup: Did remove triangle with zero area
15:11:07 | Information	| AllObjectReader	| Cleanup: Did remove triangle with zero area
15:11:07 | Information	| AllObjectReader	| Cleanup: Did remove triangle with zero area
15:11:07 | Information	| AllObjectReader	| Cleanup: Did remove triangle with zero area
15:11:07 | Information	| AllObjectReader	| Cleanup: Did remove triangle with zero area
15:11:07 | Information	| AllObjectReader	| Cleanup: Did remove triangle with zero area
15:11:07 | Information	| AllObjectReader	| Cleanup: Did remove triangle with zero area
15:11:07 | Information	| AllObjectReader	| Cleanup: Did remove triangle with zero area
15:11:07 | Information	| AllObjectReader	| Cleanup: Did remove triangle with zero area
15:11:07 | Information	| AllObjectReader	| Cleanup: Did remove triangle with zero area
15:11:07 | Information	| AllObjectReader	| Cleanup: Did remove triangle with zero area
15:11:07 | Information	| AllObjectReader	| Cleanup: Did remove triangle with zero area
15:11:07 | Information	| AllObjectReader	| Cleanup: Did remove triangle with zero area
15:11:07 | Information	| AllObjectReader	| Cleanup: Did remove triangle with zero area
15:11:07 | Information	| AllObjectReader	| Cleanup: Did remove triangle with zero area
15:11:07 | Information	| AllObjectReader	| Cleanup: Did remove triangle with zero area
15:11:08 | Information	| ObjectRenderer	| Starting generating OpenGL arrays...
15:11:08 | Information	| ObjectRenderer	| Finished generating OpenGL arrays
15:11:08 | Information	| glTFWriter	| Starting writing of file D:\Israel Objects for 2020\LLHZ\modelLib\\ct-llhz.gltf
15:11:08 | Information	| ObjectRenderer	| Loaded texture: D:\Israel Objects for 2020\LLHZ\modelLib\texture\avia_m~1.png
15:11:08 | Information	| ObjectRenderer	| Loaded texture: D:\Israel Objects for 2020\LLHZ\modelLib\texture\avia_moonair.png
15:11:08 | Information	| ObjectRenderer	| Loaded texture: D:\Israel Objects for 2020\LLHZ\modelLib\texture\avia_moonair_lm.png
15:11:08 | Information	| ObjectRenderer	| Loaded texture: D:\Israel Objects for 2020\LLHZ\modelLib\texture\contro~1.png
15:11:08 | Information	| ObjectRenderer	| Loaded texture: D:\Israel Objects for 2020\LLHZ\modelLib\texture\contro~2.png
15:11:08 | Information	| ObjectRenderer	| Loaded texture: D:\Israel Objects for 2020\LLHZ\modelLib\texture\control_tower.png
15:11:08 | Information	| ObjectRenderer	| Loaded texture: D:\Israel Objects for 2020\LLHZ\modelLib\texture\control_tower_lm.png
15:11:08 | Information	| ObjectRenderer	| Loaded texture: D:\Israel Objects for 2020\LLHZ\modelLib\texture\hanger_3.png
15:11:08 | Information	| ObjectRenderer	| Loaded texture: D:\Israel Objects for 2020\LLHZ\modelLib\texture\hanger_3_lm.png
15:11:08 | Information	| ObjectRenderer	| Loaded texture: D:\Israel Objects for 2020\LLHZ\modelLib\texture\nesher.png
15:11:08 | Information	| ObjectRenderer	| Loaded texture: D:\Israel Objects for 2020\LLHZ\modelLib\texture\nesher_lm.png
15:11:08 | Information	| ObjectRenderer	| Loaded texture: D:\Israel Objects for 2020\LLHZ\modelLib\texture\svach.png
15:11:08 | Information	| ObjectRenderer	| Loaded texture: D:\Israel Objects for 2020\LLHZ\modelLib\texture\svach_lm.png
15:11:08 | Information	| glTFWriter	| Finished writing of file D:\Israel Objects for 2020\LLHZ\modelLib\\ct-llhz.gltf
15:11:08 | Information	| BGLXReader	| Starting reading of file D:\גיבוי מחשב\Addon Scenery\Israel\Addon Scenery\DR_Herzlia\scenery\dr_llhz_shirgal.BGL
15:11:08 | Information	| BGLXReader	| Read 1 object models, 1 object placements, 0 effect placements
15:11:09 | Information	| glTFWriter	| Starting writing of file D:\Israel Objects for 2020\LLHZ\modelLib\\Shirgal2a.gltf
15:11:09 | Information	| ObjectRenderer	| Starting generating OpenGL arrays...
15:11:09 | Information	| ObjectRenderer	| Finished generating OpenGL arrays
15:11:09 | Information	| glTFWriter	| Finished writing of file D:\Israel Objects for 2020\LLHZ\modelLib\\Shirgal2a.gltf
15:11:09 | Information	| ObjectRenderer	| Loaded texture: D:\Israel Objects for 2020\LLHZ\modelLib\texture\fna.png
15:11:09 | Information	| ObjectRenderer	| Loaded texture: D:\Israel Objects for 2020\LLHZ\modelLib\texture\fna_lm.png
15:11:09 | Information	| ObjectRenderer	| Loaded texture: D:\Israel Objects for 2020\LLHZ\modelLib\texture\shirgal.png
15:11:09 | Information	| ObjectRenderer	| Loaded texture: D:\Israel Objects for 2020\LLHZ\modelLib\texture\shirgal_lm.png
15:11:09 | Information	| BGLXReader	| Starting reading of file D:\גיבוי מחשב\Addon Scenery\Israel\Addon Scenery\DR_Herzlia\scenery\dr_llhz_firetruck.BGL
15:11:09 | Information	| ObjectRenderer	| Loaded texture: D:\Israel Objects for 2020\LLHZ\modelLib\texture\shirgal_lma.png
15:11:09 | Information	| BGLXReader	| Read 1 object models, 1 object placements, 0 effect placements
15:11:09 | Information	| glTFWriter	| Starting writing of file D:\Israel Objects for 2020\LLHZ\modelLib\\Fire_truck2.x.gltf
15:11:09 | Information	| ObjectRenderer	| Starting generating OpenGL arrays...
15:11:09 | Information	| ObjectRenderer	| Finished generating OpenGL arrays
15:11:09 | Information	| glTFWriter	| Finished writing of file D:\Israel Objects for 2020\LLHZ\modelLib\\Fire_truck2.x.gltf
15:11:09 | Information	| ObjectRenderer	| Loaded texture: D:\Israel Objects for 2020\LLHZ\modelLib\texture\fire_truck2.png
15:11:09 | Information	| ObjectRenderer	| Loaded texture: D:\Israel Objects for 2020\LLHZ\modelLib\texture\fire_truck2_lm.png
15:11:09 | Information	| BGLXReader	| Starting reading of file D:\גיבוי מחשב\Addon Scenery\Israel\Addon Scenery\DR_Herzlia\scenery\antena-vin.BGL
15:11:09 | Information	| SCASMReader	| Starting reading of subobject 0
15:11:09 | Information	| SCASMReader	| Finished reading of subobject 0
15:11:09 | Information	| BGLXReader	| Read 1 object models, 1 object placements, 0 effect placements
15:11:09 | Information	| glTFWriter	| Starting writing of file D:\Israel Objects for 2020\LLHZ\modelLib\\antena-vin001.gltf
15:11:09 | Information	| ObjectRenderer	| Starting generating OpenGL arrays...
15:11:09 | Information	| ObjectRenderer	| Finished generating OpenGL arrays
15:11:09 | Information	| glTFWriter	| Finished writing of file D:\Israel Objects for 2020\LLHZ\modelLib\\antena-vin001.gltf
15:11:10 | Information	| ObjectRenderer	| Loaded texture: D:\Israel Objects for 2020\LLHZ\modelLib\texture\carmel-h.png
15:11:10 | Information	| ObjectRenderer	| Loaded texture: D:\Israel Objects for 2020\LLHZ\modelLib\texture\carmel-h_lm.png
15:11:10 | Information	| BGLXReader	| Starting reading of file D:\גיבוי מחשב\Addon Scenery\Israel\Addon Scenery\DR_Herzlia\scenery\LLHZ_ADEX_ADE.bgl
15:11:10 | Information	| BGLXReader	| Read 0 object models, 373 object placements, 0 effect placements
15:11:10 | Information	| BGLXReader	| Starting reading of file D:\גיבוי מחשב\Addon Scenery\Israel\Addon Scenery\DR_Herzlia\scenery\dr_llhz_nesher.BGL
15:11:10 | Information	| BGLXReader	| Read 1 object models, 1 object placements, 0 effect placements
15:11:10 | Information	| AllObjectReader	| Cleaning object: Nesher
15:11:10 | Information	| AllObjectReader	| Cleanup: Did remove triangle with zero area
15:11:10 | Information	| AllObjectReader	| Cleanup: Did remove triangle with zero area
15:11:10 | Information	| AllObjectReader	| Cleanup: Did remove triangle with zero area
15:11:10 | Information	| AllObjectReader	| Cleanup: Did remove triangle with zero area
15:11:10 | Information	| AllObjectReader	| Cleanup: Did remove triangle with zero area
15:11:10 | Information	| AllObjectReader	| Cleanup: Did remove triangle with zero area
15:11:10 | Information	| AllObjectReader	| Cleanup: Did remove triangle with zero area
15:11:10 | Information	| AllObjectReader	| Cleanup: Did remove triangle with zero area
15:11:10 | Information	| AllObjectReader	| Cleanup: Did remove triangle with zero area
15:11:10 | Information	| AllObjectReader	| Cleanup: Did remove triangle with zero area
15:11:10 | Information	| AllObjectReader	| Cleanup: Did remove triangle with zero area
15:11:10 | Information	| AllObjectReader	| Cleanup: Did remove triangle with zero area
15:11:10 | Information	| AllObjectReader	| Cleanup: Did remove triangle with zero area
15:11:10 | Information	| AllObjectReader	| Cleanup: Did remove triangle with zero area
15:11:10 | Information	| AllObjectReader	| Cleanup: Did remove triangle with zero area
15:11:10 | Information	| AllObjectReader	| Cleanup: Did remove triangle with zero area
15:11:10 | Information	| AllObjectReader	| Cleanup: Did remove triangle with zero area
15:11:10 | Information	| AllObjectReader	| Cleanup: Did remove triangle with zero area
15:11:10 | Information	| AllObjectReader	| Cleanup: Did remove triangle with zero area
15:11:10 | Information	| AllObjectReader	| Cleanup: Did remove triangle with zero area
15:11:10 | Information	| AllObjectReader	| Cleanup: Did remove triangle with zero area
15:11:10 | Information	| AllObjectReader	| Cleanup: Did remove triangle with zero area
15:11:10 | Information	| AllObjectReader	| Cleanup: Did remove triangle with zero area
15:11:10 | Information	| AllObjectReader	| Cleanup: Did remove triangle with zero area
15:11:10 | Information	| AllObjectReader	| Cleanup: Did remove triangle with zero area
15:11:10 | Information	| AllObjectReader	| Cleanup: Did remove triangle with zero area
15:11:10 | Information	| AllObjectReader	| Cleanup: Did remove triangle with zero area
15:11:10 | Information	| AllObjectReader	| Cleanup: Did remove triangle with zero area
15:11:10 | Information	| AllObjectReader	| Cleanup: Did remove triangle with zero area
15:11:10 | Information	| AllObjectReader	| Cleanup: Did remove triangle with zero area
15:11:10 | Information	| AllObjectReader	| Cleanup: Did remove triangle with zero area
15:11:10 | Information	| AllObjectReader	| Cleanup: Did remove triangle with zero area
15:11:10 | Information	| AllObjectReader	| Cleanup: Did remove triangle with zero area
15:11:10 | Information	| AllObjectReader	| Cleanup: Did remove triangle with zero area
15:11:10 | Information	| AllObjectReader	| Cleanup: Did remove triangle with zero area
15:11:10 | Information	| AllObjectReader	| Cleanup: Did remove triangle with zero area
15:11:10 | Information	| AllObjectReader	| Cleanup: Did remove triangle with zero area
15:11:10 | Information	| AllObjectReader	| Cleanup: Did remove triangle with zero area
15:11:10 | Information	| AllObjectReader	| Cleanup: Did remove triangle with zero area
15:11:10 | Information	| AllObjectReader	| Cleanup: Did remove triangle with zero area
15:11:10 | Information	| glTFWriter	| Starting writing of file D:\Israel Objects for 2020\LLHZ\modelLib\\Nesher.gltf
15:11:10 | Information	| ObjectRenderer	| Starting generating OpenGL arrays...
15:11:10 | Information	| ObjectRenderer	| Finished generating OpenGL arrays
15:11:10 | Information	| glTFWriter	| Finished writing of file D:\Israel Objects for 2020\LLHZ\modelLib\\Nesher.gltf
15:11:11 | Information	| BGLXReader	| Starting reading of file D:\גיבוי מחשב\Addon Scenery\Israel\Addon Scenery\DR_Herzlia\scenery\dr_llhz_ambulans.BGL
15:11:11 | Information	| BGLXReader	| Read 1 object models, 1 object placements, 0 effect placements
15:11:11 | Information	| AllObjectReader	| Cleaning object: Ambulanceherz
15:11:11 | Information	| AllObjectReader	| Cleanup: Did remove triangle with zero area
15:11:11 | Information	| AllObjectReader	| Cleanup: Did remove triangle with zero area
15:11:11 | Information	| AllObjectReader	| Cleanup: Did remove triangle with zero area
15:11:11 | Information	| AllObjectReader	| Cleanup: Did remove triangle with zero area
15:11:11 | Information	| AllObjectReader	| Cleanup: Did remove triangle with zero area
15:11:11 | Information	| AllObjectReader	| Cleanup: Did remove triangle with zero area
15:11:11 | Information	| AllObjectReader	| Cleanup: Did remove triangle with zero area
15:11:11 | Information	| AllObjectReader	| Cleanup: Did remove triangle with zero area
15:11:11 | Information	| AllObjectReader	| Cleanup: Did remove triangle with zero area
15:11:11 | Information	| AllObjectReader	| Cleanup: Did remove triangle with zero area
15:11:11 | Information	| AllObjectReader	| Cleanup: Did remove triangle with zero area
15:11:11 | Information	| AllObjectReader	| Cleanup: Did remove triangle with zero area
15:11:11 | Information	| AllObjectReader	| Cleanup: Did remove triangle with zero area
15:11:11 | Information	| AllObjectReader	| Cleanup: Did remove triangle with zero area
15:11:11 | Information	| AllObjectReader	| Cleanup: Did remove triangle with zero area
15:11:11 | Information	| AllObjectReader	| Cleanup: Did remove triangle with zero area
15:11:11 | Information	| AllObjectReader	| Cleanup: Did remove triangle with zero area
15:11:11 | Information	| AllObjectReader	| Cleanup: Did remove triangle with zero area
15:11:11 | Information	| AllObjectReader	| Cleanup: Did remove triangle with zero area
15:11:11 | Information	| AllObjectReader	| Cleanup: Did remove triangle with zero area
15:11:11 | Information	| AllObjectReader	| Cleanup: Did remove triangle with zero area
15:11:11 | Information	| AllObjectReader	| Cleanup: Did remove triangle with zero area
15:11:11 | Information	| AllObjectReader	| Cleanup: Did remove triangle with zero area
15:11:11 | Information	| AllObjectReader	| Cleanup: Did remove triangle with zero area
15:11:11 | Information	| AllObjectReader	| Cleanup: Did remove triangle with zero area
15:11:11 | Information	| AllObjectReader	| Cleanup: Did remove triangle with zero area
15:11:11 | Information	| AllObjectReader	| Cleanup: Did remove triangle with zero area
15:11:11 | Information	| AllObjectReader	| Cleanup: Did remove triangle with zero area
15:11:11 | Information	| AllObjectReader	| Cleanup: Did remove triangle with zero area
15:11:11 | Information	| AllObjectReader	| Cleanup: Did remove triangle with zero area
15:11:11 | Information	| AllObjectReader	| Cleanup: Did remove triangle with zero area
15:11:11 | Information	| AllObjectReader	| Cleanup: Did remove triangle with zero area
15:11:11 | Information	| AllObjectReader	| Cleanup: Did remove triangle with zero area
15:11:11 | Information	| AllObjectReader	| Cleanup: Did remove triangle with zero area
15:11:11 | Information	| AllObjectReader	| Cleanup: Did remove triangle with zero area
15:11:11 | Information	| AllObjectReader	| Cleanup: Did remove triangle with zero area
15:11:11 | Information	| AllObjectReader	| Cleanup: Did remove triangle with zero area
15:11:11 | Information	| AllObjectReader	| Cleanup: Did remove triangle with zero area
15:11:11 | Information	| AllObjectReader	| Cleanup: Did remove triangle with zero area
15:11:11 | Information	| AllObjectReader	| Cleanup: Did remove triangle with zero area
15:11:11 | Information	| AllObjectReader	| Cleanup: Did remove triangle with zero area
15:11:11 | Information	| AllObjectReader	| Cleanup: Did remove triangle with zero area
15:11:11 | Information	| AllObjectReader	| Cleanup: Did remove triangle with zero area
15:11:11 | Information	| AllObjectReader	| Cleanup: Did remove triangle with zero area
15:11:11 | Information	| AllObjectReader	| Cleanup: Did remove triangle with zero area
15:11:11 | Information	| AllObjectReader	| Cleanup: Did remove triangle with zero area
15:11:11 | Information	| AllObjectReader	| Cleanup: Did remove triangle with zero area
15:11:11 | Information	| AllObjectReader	| Cleanup: Did remove triangle with zero area
15:11:11 | Information	| AllObjectReader	| Cleanup: Did remove triangle with zero area
15:11:11 | Information	| AllObjectReader	| Cleanup: Did remove triangle with zero area
15:11:11 | Information	| AllObjectReader	| Cleanup: Did remove triangle with zero area
15:11:11 | Information	| AllObjectReader	| Cleanup: Did remove triangle with zero area
15:11:11 | Information	| AllObjectReader	| Cleanup: Did remove triangle with zero area
15:11:11 | Information	| AllObjectReader	| Cleanup: Did remove triangle with zero area
15:11:11 | Information	| AllObjectReader	| Cleanup: Did remove triangle with zero area
15:11:11 | Information	| AllObjectReader	| Cleanup: Did remove triangle with zero area
15:11:11 | Information	| AllObjectReader	| Cleanup: Did remove triangle with zero area
15:11:11 | Information	| AllObjectReader	| Cleanup: Did remove triangle with zero area
15:11:11 | Information	| AllObjectReader	| Cleanup: Did remove triangle with zero area
15:11:11 | Information	| AllObjectReader	| Cleanup: Did remove triangle with zero area
15:11:11 | Information	| AllObjectReader	| Cleanup: Did remove triangle with zero area
15:11:11 | Information	| AllObjectReader	| Cleanup: Did remove triangle with zero area
15:11:11 | Information	| AllObjectReader	| Cleanup: Did remove triangle with zero area
15:11:11 | Information	| AllObjectReader	| Cleanup: Did remove triangle with zero area
15:11:11 | Information	| AllObjectReader	| Cleanup: Did remove triangle with zero area
15:11:11 | Information	| AllObjectReader	| Cleanup: Did remove triangle with zero area
15:11:11 | Information	| AllObjectReader	| Cleanup: Did remove triangle with zero area
15:11:11 | Information	| AllObjectReader	| Cleanup: Did remove triangle with zero area
15:11:11 | Information	| AllObjectReader	| Cleanup: Did remove triangle with zero area
15:11:11 | Information	| AllObjectReader	| Cleanup: Did remove triangle with zero area
15:11:11 | Information	| AllObjectReader	| Cleanup: Did remove triangle with zero area
15:11:11 | Information	| AllObjectReader	| Cleanup: Did remove triangle with zero area
15:11:11 | Information	| AllObjectReader	| Cleanup: Did remove triangle with zero area
15:11:11 | Information	| AllObjectReader	| Cleanup: Did remove triangle with zero area
15:11:11 | Information	| AllObjectReader	| Cleanup: Did remove triangle with zero area
15:11:11 | Information	| AllObjectReader	| Cleanup: Did remove triangle with zero area
15:11:11 | Information	| AllObjectReader	| Cleanup: Did remove triangle with zero area
15:11:11 | Information	| AllObjectReader	| Cleanup: Did remove triangle with zero area
15:11:11 | Information	| AllObjectReader	| Cleanup: Did remove triangle with zero area
15:11:11 | Information	| AllObjectReader	| Cleanup: Did remove triangle with zero area
15:11:11 | Information	| AllObjectReader	| Cleanup: Did remove triangle with zero area
15:11:11 | Information	| AllObjectReader	| Cleanup: Did remove triangle with zero area
15:11:11 | Information	| AllObjectReader	| Cleanup: Did remove triangle with zero area
15:11:11 | Information	| AllObjectReader	| Cleanup: Did remove triangle with zero area
15:11:11 | Information	| AllObjectReader	| Cleanup: Did remove triangle with zero area
15:11:11 | Information	| AllObjectReader	| Cleanup: Did remove triangle with zero area
15:11:11 | Information	| AllObjectReader	| Cleanup: Did remove triangle with zero area
15:11:11 | Information	| AllObjectReader	| Cleanup: Did remove triangle with zero area
15:11:11 | Information	| AllObjectReader	| Cleanup: Removed empty model part
15:11:11 | Information	| ObjectRenderer	| Loaded texture: D:\Israel Objects for 2020\LLHZ\modelLib\texture\avia_moonair.png
15:11:11 | Information	| ObjectRenderer	| Loaded texture: D:\Israel Objects for 2020\LLHZ\modelLib\texture\avia_moonair_lm.png
15:11:11 | Information	| ObjectRenderer	| Loaded texture: D:\Israel Objects for 2020\LLHZ\modelLib\texture\hanger_3.png
15:11:11 | Information	| glTFWriter	| Starting writing of file D:\Israel Objects for 2020\LLHZ\modelLib\\Ambulanceherz.gltf
15:11:11 | Information	| glTFWriter	| Finished writing of file D:\Israel Objects for 2020\LLHZ\modelLib\\Ambulanceherz.gltf
15:11:11 | Information	| BGLXReader	| Starting reading of file D:\גיבוי מחשב\Addon Scenery\Israel\Addon Scenery\DR_Herzlia\scenery\dr_llhz_fnahangars.BGL
15:11:11 | Information	| BGLXReader	| Read 1 object models, 1 object placements, 0 effect placements
15:11:11 | Information	| AllObjectReader	| Cleaning object: fnahangars
15:11:11 | Information	| AllObjectReader	| Cleanup: Did remove triangle with zero area
15:11:11 | Information	| AllObjectReader	| Cleanup: Did remove triangle with zero area
15:11:11 | Information	| AllObjectReader	| Cleanup: Did remove triangle with zero area
15:11:11 | Information	| AllObjectReader	| Cleanup: Did remove triangle with zero area
15:11:11 | Information	| AllObjectReader	| Cleanup: Did remove triangle with zero area
15:11:11 | Information	| AllObjectReader	| Cleanup: Did remove triangle with zero area
15:11:11 | Information	| AllObjectReader	| Cleanup: Did remove triangle with zero area
15:11:11 | Information	| AllObjectReader	| Cleanup: Did remove triangle with zero area
15:11:11 | Information	| AllObjectReader	| Cleanup: Did remove triangle with zero area
15:11:11 | Information	| AllObjectReader	| Cleanup: Did remove triangle with zero area
15:11:11 | Information	| AllObjectReader	| Cleanup: Did remove triangle with zero area
15:11:11 | Information	| AllObjectReader	| Cleanup: Did remove triangle with zero area
15:11:11 | Information	| AllObjectReader	| Cleanup: Did remove triangle with zero area
15:11:11 | Information	| AllObjectReader	| Cleanup: Did remove triangle with zero area
15:11:11 | Information	| AllObjectReader	| Cleanup: Did remove triangle with zero area
15:11:11 | Information	| AllObjectReader	| Cleanup: Did remove triangle with zero area
15:11:11 | Information	| AllObjectReader	| Cleanup: Did remove triangle with zero area
15:11:11 | Information	| AllObjectReader	| Cleanup: Did remove triangle with zero area
15:11:11 | Information	| AllObjectReader	| Cleanup: Did remove triangle with zero area
15:11:11 | Information	| AllObjectReader	| Cleanup: Did remove triangle with zero area
15:11:11 | Information	| AllObjectReader	| Cleanup: Did remove triangle with zero area
15:11:11 | Information	| AllObjectReader	| Cleanup: Did remove triangle with zero area
15:11:11 | Information	| AllObjectReader	| Cleanup: Did remove triangle with zero area
15:11:11 | Information	| AllObjectReader	| Cleanup: Did remove triangle with zero area
15:11:11 | Information	| AllObjectReader	| Cleanup: Did remove triangle with zero area
15:11:11 | Information	| AllObjectReader	| Cleanup: Did remove triangle with zero area
15:11:11 | Information	| AllObjectReader	| Cleanup: Did remove triangle with zero area
15:11:11 | Information	| AllObjectReader	| Cleanup: Did remove triangle with zero area
15:11:11 | Information	| AllObjectReader	| Cleanup: Did remove triangle with zero area
15:11:11 | Information	| AllObjectReader	| Cleanup: Did remove triangle with zero area
15:11:11 | Information	| AllObjectReader	| Cleanup: Did remove triangle with zero area
15:11:11 | Information	| AllObjectReader	| Cleanup: Did remove triangle with zero area
15:11:11 | Information	| AllObjectReader	| Cleanup: Did remove triangle with zero area
15:11:11 | Information	| AllObjectReader	| Cleanup: Did remove triangle with zero area
15:11:11 | Information	| AllObjectReader	| Cleanup: Did remove triangle with zero area
15:11:11 | Information	| AllObjectReader	| Cleanup: Did remove triangle with zero area
15:11:11 | Information	| glTFWriter	| Starting writing of file D:\Israel Objects for 2020\LLHZ\modelLib\\fnahangars.gltf
15:11:11 | Information	| glTFWriter	| Finished writing of file D:\Israel Objects for 2020\LLHZ\modelLib\\fnahangars.gltf
15:11:11 | Information	| BGLXReader	| Starting reading of file D:\גיבוי מחשב\Addon Scenery\Israel\Addon Scenery\DR_Herzlia\scenery\dr_llhz_northangar.BGL
15:11:11 | Information	| BGLXReader	| Read 1 object models, 1 object placements, 0 effect placements
15:11:12 | Information	| glTFWriter	| Starting writing of file D:\Israel Objects for 2020\LLHZ\modelLib\\North_hangar.gltf
15:11:12 | Information	| glTFWriter	| Finished writing of file D:\Israel Objects for 2020\LLHZ\modelLib\\North_hangar.gltf
15:11:12 | Information	| ObjectRenderer	| Loaded texture: D:\Israel Objects for 2020\LLHZ\modelLib\texture\hanger_3_lm.png
15:11:12 | Information	| ObjectRenderer	| Loaded texture: D:\Israel Objects for 2020\LLHZ\modelLib\texture\hanger_in.png
15:11:12 | Information	| ObjectRenderer	| Loaded texture: D:\Israel Objects for 2020\LLHZ\modelLib\texture\hanger_in_lm.png
15:11:12 | Information	| ObjectRenderer	| Loaded texture: D:\Israel Objects for 2020\LLHZ\modelLib\texture\nesher.png
15:11:12 | Information	| ObjectRenderer	| Loaded texture: D:\Israel Objects for 2020\LLHZ\modelLib\texture\nesher_lm.png
15:11:12 | Information	| BGLXReader	| Starting reading of file D:\גיבוי מחשב\Addon Scenery\Israel\Addon Scenery\DR_Herzlia\scenery\dr_llhz_fnahangar2.BGL
15:11:12 | Information	| BGLXReader	| Read 1 object models, 1 object placements, 0 effect placements
15:11:12 | Information	| ObjectRenderer	| Starting generating OpenGL arrays...
15:11:12 | Information	| ObjectRenderer	| Finished generating OpenGL arrays
15:11:12 | Information	| glTFWriter	| Starting writing of file D:\Israel Objects for 2020\LLHZ\modelLib\\fnahangars.gltf
15:11:12 | Information	| ObjectRenderer	| Loaded texture: D:\Israel Objects for 2020\LLHZ\modelLib\texture\fna.png
15:11:12 | Information	| ObjectRenderer	| Loaded texture: D:\Israel Objects for 2020\LLHZ\modelLib\texture\fna_lm.png
15:11:12 | Information	| ObjectRenderer	| Loaded texture: D:\Israel Objects for 2020\LLHZ\modelLib\texture\hanger_3.png
15:11:12 | Information	| ObjectRenderer	| Loaded texture: D:\Israel Objects for 2020\LLHZ\modelLib\texture\hanger_3_lm.png
15:11:12 | Information	| glTFWriter	| Finished writing of file D:\Israel Objects for 2020\LLHZ\modelLib\\fnahangars.gltf
15:11:12 | Information	| BGLXReader	| Starting reading of file D:\גיבוי מחשב\Addon Scenery\Israel\Addon Scenery\DR_Herzlia\scenery\dr_llhz_smallhangar.BGL
15:11:12 | Information	| BGLXReader	| Read 1 object models, 1 object placements, 0 effect placements
15:11:12 | Information	| glTFWriter	| Starting writing of file D:\Israel Objects for 2020\LLHZ\modelLib\\small_hangar.gltf
15:11:12 | Information	| ObjectRenderer	| Starting generating OpenGL arrays...
15:11:12 | Information	| ObjectRenderer	| Finished generating OpenGL arrays
15:11:12 | Information	| glTFWriter	| Finished writing of file D:\Israel Objects for 2020\LLHZ\modelLib\\small_hangar.gltf
15:11:12 | Information	| BGLXReader	| Starting reading of file D:\גיבוי מחשב\Addon Scenery\Israel\Addon Scenery\DR_Herzlia\scenery\dr_llhz_moonair.BGL
15:11:12 | Information	| BGLXReader	| Read 1 object models, 1 object placements, 0 effect placements
15:11:12 | Information	| AllObjectReader	| Cleaning object: Avia_Moonair
15:11:12 | Information	| AllObjectReader	| Cleanup: Did remove triangle with zero area
15:11:12 | Information	| AllObjectReader	| Cleanup: Did remove triangle with zero area
15:11:12 | Information	| AllObjectReader	| Cleanup: Did remove triangle with zero area
15:11:12 | Information	| AllObjectReader	| Cleanup: Did remove triangle with zero area
15:11:12 | Information	| AllObjectReader	| Cleanup: Did remove triangle with zero area
15:11:12 | Information	| AllObjectReader	| Cleanup: Did remove triangle with zero area
15:11:12 | Information	| AllObjectReader	| Cleanup: Did remove triangle with zero area
15:11:12 | Information	| AllObjectReader	| Cleanup: Did remove triangle with zero area
15:11:12 | Information	| AllObjectReader	| Cleanup: Did remove triangle with zero area
15:11:12 | Information	| AllObjectReader	| Cleanup: Did remove triangle with zero area
15:11:12 | Information	| AllObjectReader	| Cleanup: Did remove triangle with zero area
15:11:12 | Information	| AllObjectReader	| Cleanup: Did remove triangle with zero area
15:11:12 | Information	| AllObjectReader	| Cleanup: Did remove triangle with zero area
15:11:12 | Information	| AllObjectReader	| Cleanup: Did remove triangle with zero area
15:11:12 | Information	| AllObjectReader	| Cleanup: Did remove triangle with zero area
15:11:12 | Information	| AllObjectReader	| Cleanup: Did remove triangle with zero area
15:11:12 | Information	| AllObjectReader	| Cleanup: Did remove triangle with zero area
15:11:12 | Information	| AllObjectReader	| Cleanup: Did remove triangle with zero area
15:11:12 | Information	| AllObjectReader	| Cleanup: Did remove triangle with zero area
15:11:12 | Information	| AllObjectReader	| Cleanup: Did remove triangle with zero area
15:11:12 | Information	| AllObjectReader	| Cleanup: Did remove triangle with zero area
15:11:12 | Information	| AllObjectReader	| Cleanup: Did remove triangle with zero area
15:11:12 | Information	| AllObjectReader	| Cleanup: Did remove triangle with zero area
15:11:12 | Information	| AllObjectReader	| Cleanup: Did remove triangle with zero area
15:11:12 | Information	| AllObjectReader	| Cleanup: Did remove triangle with zero area
15:11:12 | Information	| AllObjectReader	| Cleanup: Did remove triangle with zero area
15:11:12 | Information	| AllObjectReader	| Cleanup: Did remove triangle with zero area
15:11:12 | Information	| AllObjectReader	| Cleanup: Did remove triangle with zero area
15:11:12 | Information	| AllObjectReader	| Cleanup: Did remove triangle with zero area
15:11:12 | Information	| AllObjectReader	| Cleanup: Did remove triangle with zero area
15:11:12 | Information	| ObjectRenderer	| Loaded texture: D:\Israel Objects for 2020\LLHZ\modelLib\texture\control_tower.png
15:11:12 | Information	| ObjectRenderer	| Loaded texture: D:\Israel Objects for 2020\LLHZ\modelLib\texture\control_tower_lm.png
15:11:12 | Information	| ObjectRenderer	| Loaded texture: D:\Israel Objects for 2020\LLHZ\modelLib\texture\long_hangar.png
15:11:12 | Information	| ObjectRenderer	| Loaded texture: D:\Israel Objects for 2020\LLHZ\modelLib\texture\long_hangar_lm.png
15:11:12 | Information	| glTFWriter	| Starting writing of file D:\Israel Objects for 2020\LLHZ\modelLib\\Avia_Moonair.gltf
15:11:12 | Information	| ObjectRenderer	| Starting generating OpenGL arrays...
15:11:12 | Information	| ObjectRenderer	| Finished generating OpenGL arrays
15:11:12 | Information	| glTFWriter	| Finished writing of file D:\Israel Objects for 2020\LLHZ\modelLib\\Avia_Moonair.gltf
15:11:12 | Information	| BGLXReader	| Starting reading of file D:\גיבוי מחשב\Addon Scenery\Israel\Addon Scenery\DR_Herzlia\scenery\dr_llhz_amfi.BGL
15:11:12 | Information	| BGLXReader	| Read 1 object models, 1 object placements, 0 effect placements
15:11:12 | Information	| ObjectRenderer	| Loaded texture: D:\Israel Objects for 2020\LLHZ\modelLib\texture\avia_moonair.png
15:11:12 | Information	| ObjectRenderer	| Loaded texture: D:\Israel Objects for 2020\LLHZ\modelLib\texture\avia_moonair_lm.png
15:11:12 | Information	| glTFWriter	| Starting writing of file D:\Israel Objects for 2020\LLHZ\modelLib\\Amfi2.gltf
15:11:12 | Information	| ObjectRenderer	| Starting generating OpenGL arrays...
15:11:12 | Information	| ObjectRenderer	| Finished generating OpenGL arrays
15:11:12 | Information	| glTFWriter	| Finished writing of file D:\Israel Objects for 2020\LLHZ\modelLib\\Amfi2.gltf
15:11:12 | Information	| BGLXReader	| Starting reading of file D:\גיבוי מחשב\Addon Scenery\Israel\Addon Scenery\DR_Herzlia\scenery\llhz-object.bgl
15:11:12 | Information	| ObjectRenderer	| Loaded texture: D:\Israel Objects for 2020\LLHZ\modelLib\texture\amfi.png
15:11:12 | Information	| ObjectRenderer	| Loaded texture: D:\Israel Objects for 2020\LLHZ\modelLib\texture\amfi_lm.png
15:11:13 | Information	| BGLXReader	| Read 0 object models, 191 object placements, 0 effect placements
15:11:13 | Information	| BGLXReader	| Starting reading of file D:\גיבוי מחשב\Addon Scenery\Israel\Addon Scenery\DR_Herzlia\scenery\dr_llhz_beitlevenstien.BGL
15:11:13 | Information	| BGLXReader	| Read 1 object models, 1 object placements, 0 effect placements
15:11:13 | Information	| glTFWriter	| Starting writing of file D:\Israel Objects for 2020\LLHZ\modelLib\\BT-Lvnstn3.gltf
15:11:13 | Information	| ObjectRenderer	| Starting generating OpenGL arrays...
15:11:13 | Information	| ObjectRenderer	| Finished generating OpenGL arrays
15:11:13 | Information	| glTFWriter	| Finished writing of file D:\Israel Objects for 2020\LLHZ\modelLib\\BT-Lvnstn3.gltf
15:11:13 | Information	| BGLXReader	| Starting reading of file D:\גיבוי מחשב\Addon Scenery\Israel\Addon Scenery\DR_Herzlia\scenery\dr_llhz_shikun.BGL
15:11:13 | Information	| BGLXReader	| Read 1 object models, 1 object placements, 0 effect placements
15:11:13 | Information	| glTFWriter	| Starting writing of file D:\Israel Objects for 2020\LLHZ\modelLib\\4b_floor.gltf
15:11:13 | Information	| glTFWriter	| Finished writing of file D:\Israel Objects for 2020\LLHZ\modelLib\\4b_floor.gltf
15:11:13 | Information	| BGL9Reader	| Starting reading of file D:\גיבוי מחשב\Addon Scenery\Israel\Addon Scenery\DR_Herzlia\scenery\rwy29.bgl
15:11:13 | Information	| SCASMReader	| Starting reading of subobject 0
15:11:13 | Information	| ObjectRenderer	| Loaded texture: D:\Israel Objects for 2020\LLHZ\modelLib\texture\bt-lvnstn 2.png
15:11:13 | Information	| ObjectRenderer	| Loaded texture: D:\Israel Objects for 2020\LLHZ\modelLib\texture\bt-lvnstn_lm.png
15:11:13 | Information	| SCASMReader	| Finished reading of subobject 0
15:11:15 | Information	| BGL9Reader	| Finished reading file
15:11:16 | Information	| glTFWriter	| Starting writing of file D:\Israel Objects for 2020\LLHZ\modelLib\\rwy29000.gltf
15:11:16 | Information	| ObjectRenderer	| Starting generating OpenGL arrays...
15:11:16 | Information	| ObjectRenderer	| Finished generating OpenGL arrays
15:11:16 | Information	| glTFWriter	| Finished writing of file D:\Israel Objects for 2020\LLHZ\modelLib\\rwy29000.gltf
15:11:16 | Information	| ObjectRenderer	| Loaded texture: D:\Israel Objects for 2020\LLHZ\modelLib\texture\llhz_rwy0000.png
15:11:16 | Information	| ObjectRenderer	| Loaded texture: D:\Israel Objects for 2020\LLHZ\modelLib\texture\llhz_rwy0001.png
15:11:16 | Information	| ObjectRenderer	| Loaded texture: D:\Israel Objects for 2020\LLHZ\modelLib\texture\llhz_rwy0002.png
15:11:16 | Information	| ObjectRenderer	| Loaded texture: D:\Israel Objects for 2020\LLHZ\modelLib\texture\llhz_rwy0003.png
15:11:16 | Information	| BGLXReader	| Starting reading of file D:\גיבוי מחשב\Addon Scenery\Israel\Addon Scenery\DR_Herzlia\scenery\dr_llhz_southangar.BGL
15:11:16 | Information	| ObjectRenderer	| Loaded texture: D:\Israel Objects for 2020\LLHZ\modelLib\texture\llhz_rwy0004.png
15:11:16 | Information	| ObjectRenderer	| Loaded texture: D:\Israel Objects for 2020\LLHZ\modelLib\texture\llhz_rwy0005.png
15:11:16 | Information	| ObjectRenderer	| Loaded texture: D:\Israel Objects for 2020\LLHZ\modelLib\texture\llhz_rwy0006.png
15:11:16 | Information	| BGLXReader	| Read 1 object models, 1 object placements, 0 effect placements
15:11:16 | Information	| ObjectRenderer	| Loaded texture: D:\Israel Objects for 2020\LLHZ\modelLib\texture\llhz_rwy0007.png
15:11:16 | Information	| ObjectRenderer	| Loaded texture: D:\Israel Objects for 2020\LLHZ\modelLib\texture\llhz_rwy0008.png
15:11:16 | Information	| ObjectRenderer	| Loaded texture: D:\Israel Objects for 2020\LLHZ\modelLib\texture\llhz_rwy0009.png
15:11:16 | Information	| ObjectRenderer	| Loaded texture: D:\Israel Objects for 2020\LLHZ\modelLib\texture\llhz_rwy0010.png
15:11:16 | Information	| glTFWriter	| Starting writing of file D:\Israel Objects for 2020\LLHZ\modelLib\\south_hangar2.gltf
15:11:16 | Information	| glTFWriter	| Finished writing of file D:\Israel Objects for 2020\LLHZ\modelLib\\south_hangar2.gltf
15:11:16 | Information	| BGLXReader	| Starting reading of file D:\גיבוי מחשב\Addon Scenery\Israel\Addon Scenery\DR_Herzlia\scenery\llhz_final.BGL
15:11:16 | Information	| BGLXReader	| Read 1 object models, 1 object placements, 0 effect placements
15:11:16 | Information	| glTFWriter	| Starting writing of file D:\Israel Objects for 2020\LLHZ\modelLib\\llhz_final.gltf
15:11:16 | Information	| glTFWriter	| Finished writing of file D:\Israel Objects for 2020\LLHZ\modelLib\\llhz_final.gltf
15:11:17 | Information	| BGLXReader	| Starting reading of file D:\גיבוי מחשב\Addon Scenery\Israel\Addon Scenery\DR_Herzlia\scenery\final29.BGL
15:11:17 | Information	| BGLXReader	| Read 1 object models, 1 object placements, 0 effect placements
15:11:17 | Information	| glTFWriter	| Starting writing of file D:\Israel Objects for 2020\LLHZ\modelLib\\final29.gltf
15:11:17 | Information	| glTFWriter	| Finished writing of file D:\Israel Objects for 2020\LLHZ\modelLib\\final29.gltf
15:11:17 | Information	| ObjectRenderer	| Loaded texture: D:\Israel Objects for 2020\LLHZ\modelLib\texture\llhz_rwy0011.png
15:11:17 | Information	| BGLXReader	| Starting reading of file D:\גיבוי מחשב\Addon Scenery\Israel\Addon Scenery\DR_Herzlia\scenery\dr_llhz_effect.bgl
15:11:17 | Information	| ObjectRenderer	| Loaded texture: D:\Israel Objects for 2020\LLHZ\modelLib\texture\llhz_rwy0012.png
15:11:17 | Information	| ObjectRenderer	| Loaded texture: D:\Israel Objects for 2020\LLHZ\modelLib\texture\llhz_rwy0013.png
15:11:17 | Information	| ObjectRenderer	| Loaded texture: D:\Israel Objects for 2020\LLHZ\modelLib\texture\llhz_rwy0014.png
15:11:17 | Information	| ObjectRenderer	| Loaded texture: D:\Israel Objects for 2020\LLHZ\modelLib\texture\llhz_rwy0015.png
15:11:17 | Information	| ObjectRenderer	| Loaded texture: D:\Israel Objects for 2020\LLHZ\modelLib\texture\llhz_rwy0016.png
15:11:17 | Information	| ObjectRenderer	| Loaded texture: D:\Israel Objects for 2020\LLHZ\modelLib\texture\llhz_rwy0017.png
15:11:17 | Information	| ObjectRenderer	| Loaded texture: D:\Israel Objects for 2020\LLHZ\modelLib\texture\llhz_rwy0018.png
15:11:17 | Information	| ObjectRenderer	| Loaded texture: D:\Israel Objects for 2020\LLHZ\modelLib\texture\llhz_rwy0019.png
15:11:17 | Information	| ObjectRenderer	| Loaded texture: D:\Israel Objects for 2020\LLHZ\modelLib\texture\llhz_rwy0020.png
15:11:17 | Information	| ObjectRenderer	| Loaded texture: D:\Israel Objects for 2020\LLHZ\modelLib\texture\llhz_rwy0021.png
15:11:17 | Information	| BGLXReader	| Read 0 object models, 0 object placements, 20 effect placements
15:11:17 | Information	| BGL9Reader	| Starting reading of file D:\גיבוי מחשב\Addon Scenery\Israel\Addon Scenery\DR_Herzlia\scenery\llhz_light.bgl
15:11:17 | Warning		| BGLDecoder	| Unknown BGL opcode AA at position E
15:11:17 | Information	| SCASMReader	| Starting reading of subobject 0
15:11:17 | Warning		| SCASMReader	| This is an empty object!
15:11:17 | Information	| SCASMReader	| Finished reading of subobject 0
15:11:17 | Information	| BGL9Reader	| Finished reading file
